<?xml version="1.0" encoding="UTF-8"?>
<!-- Generated by org.testng.reporters.JUnitXMLReporter -->
<testsuite hostname="c1-gf-102" ignored="11" name="Package Module Test case " tests="14" failures="2" timestamp="03 Aug 2018 12:49:51 GMT" time="1264.682" errors="0">
  <testcase name="tc_BEP340001_VerifyAssignPackagePage" time="40.969" classname="com.rsystems.test.AssignPackageTestCase"/>
  <testcase name="tc_BEP34002_VerifyRedirectToPropAndPackagePage" time="43.515" classname="com.rsystems.test.AssignPackageTestCase"/>
  <testcase name="tc_BEP34003_VerifyBreadcrumbs" time="103.461" classname="com.rsystems.test.AssignPackageTestCase">
    <failure type="org.openqa.selenium.NoSuchElementException" message="no such element: Unable to locate element: {&amp;quot;method&amp;quot;:&amp;quot;xpath&amp;quot;,&amp;quot;selector&amp;quot;:&amp;quot;//ul[@class=&amp;apos;breadcrumb&amp;apos;]//li[text()=&amp;apos;Packages&amp;apos;]&amp;quot;}
  (Session info: headless chrome=67.0.3396.99)
  (Driver info: chromedriver=2.38.552522 (437e6fbedfa8762dec75e2c5b3ddb86763dc9dcb),platform=Windows NT 10.0.16299 x86_64) (WARNING: The server did not provide any stacktrace information)
Command duration or timeout: 15.05 seconds
For documentation on this error, please visit: http://seleniumhq.org/exceptions/no_such_element.html
Build info: version: &amp;apos;3.4.0&amp;apos;, revision: &amp;apos;unknown&amp;apos;, time: &amp;apos;unknown&amp;apos;
System info: host: &amp;apos;C1-GF-102&amp;apos;, ip: &amp;apos;192.168.150.1&amp;apos;, os.name: &amp;apos;Windows 10&amp;apos;, os.arch: &amp;apos;amd64&amp;apos;, os.version: &amp;apos;10.0&amp;apos;, java.version: &amp;apos;1.8.0_65&amp;apos;
Driver info: org.openqa.selenium.chrome.ChromeDriver
Capabilities [{applicationCacheEnabled=false, rotatable=false, mobileEmulationEnabled=false, networkConnectionEnabled=false, chrome={chromedriverVersion=2.38.552522 (437e6fbedfa8762dec75e2c5b3ddb86763dc9dcb), userDataDir=C:\Users\ANKIT~1.AGA\AppData\Local\Temp\scoped_dir2428_4882}, takesHeapSnapshot=true, pageLoadStrategy=normal, databaseEnabled=false, handlesAlerts=true, hasTouchScreen=false, version=67.0.3396.99, platform=XP, browserConnectionEnabled=false, nativeEvents=true, acceptSslCerts=false, acceptInsecureCerts=false, locationContextEnabled=true, webStorageEnabled=true, browserName=chrome, takesScreenshot=true, javascriptEnabled=true, cssSelectorsEnabled=true, setWindowRect=true, unexpectedAlertBehaviour=}]
Session ID: fd797cbf1d05098ca3bce3d6dcb4c51d
*** Element info: {Using=xpath, value=//ul[@class=&amp;apos;breadcrumb&amp;apos;]//li[text()=&amp;apos;Packages&amp;apos;]}">
      <![CDATA[org.openqa.selenium.NoSuchElementException: no such element: Unable to locate element: {"method":"xpath","selector":"//ul[@class='breadcrumb']//li[text()='Packages']"}
  (Session info: headless chrome=67.0.3396.99)
  (Driver info: chromedriver=2.38.552522 (437e6fbedfa8762dec75e2c5b3ddb86763dc9dcb),platform=Windows NT 10.0.16299 x86_64) (WARNING: The server did not provide any stacktrace information)
Command duration or timeout: 15.05 seconds
For documentation on this error, please visit: http://seleniumhq.org/exceptions/no_such_element.html
Build info: version: '3.4.0', revision: 'unknown', time: 'unknown'
System info: host: 'C1-GF-102', ip: '192.168.150.1', os.name: 'Windows 10', os.arch: 'amd64', os.version: '10.0', java.version: '1.8.0_65'
Driver info: org.openqa.selenium.chrome.ChromeDriver
Capabilities [{applicationCacheEnabled=false, rotatable=false, mobileEmulationEnabled=false, networkConnectionEnabled=false, chrome={chromedriverVersion=2.38.552522 (437e6fbedfa8762dec75e2c5b3ddb86763dc9dcb), userDataDir=C:\Users\ANKIT~1.AGA\AppData\Local\Temp\scoped_dir2428_4882}, takesHeapSnapshot=true, pageLoadStrategy=normal, databaseEnabled=false, handlesAlerts=true, hasTouchScreen=false, version=67.0.3396.99, platform=XP, browserConnectionEnabled=false, nativeEvents=true, acceptSslCerts=false, acceptInsecureCerts=false, locationContextEnabled=true, webStorageEnabled=true, browserName=chrome, takesScreenshot=true, javascriptEnabled=true, cssSelectorsEnabled=true, setWindowRect=true, unexpectedAlertBehaviour=}]
Session ID: fd797cbf1d05098ca3bce3d6dcb4c51d
*** Element info: {Using=xpath, value=//ul[@class='breadcrumb']//li[text()='Packages']}
	at org.openqa.selenium.remote.ErrorHandler.createThrowable(ErrorHandler.java:215)
	at org.openqa.selenium.remote.ErrorHandler.throwIfResponseFailed(ErrorHandler.java:167)
	at org.openqa.selenium.remote.RemoteWebDriver.execute(RemoteWebDriver.java:671)
	at org.openqa.selenium.remote.RemoteWebDriver.findElement(RemoteWebDriver.java:410)
	at org.openqa.selenium.remote.RemoteWebDriver.findElementByXPath(RemoteWebDriver.java:509)
	at org.openqa.selenium.By$ByXPath.findElement(By.java:361)
	at org.openqa.selenium.remote.RemoteWebDriver.findElement(RemoteWebDriver.java:402)
	at org.openqa.selenium.support.pagefactory.DefaultElementLocator.findElement(DefaultElementLocator.java:69)
	at org.openqa.selenium.support.pagefactory.internal.LocatingElementHandler.invoke(LocatingElementHandler.java:38)
	at com.sun.proxy.$Proxy11.click(Unknown Source)
	at com.rsystems.pages.PackagePage.validatePackagesLinkInBreadCrumb(PackagePage.java:322)
	at com.rsystems.test.AssignPackageTestCase.tc_BEP34003_VerifyBreadcrumbs(AssignPackageTestCase.java:79)
... Removed 28 stack frames]]>
    </failure>
  </testcase> <!-- tc_BEP34003_VerifyBreadcrumbs -->
  <testcase name="tc_BEP34004_VerifyAvailablePackageTable" time="43.515" classname="com.rsystems.test.AssignPackageTestCase"/>
  <testcase name="tc_BEP34005_VerifyAssignedPackageTable" time="41.039" classname="com.rsystems.test.AssignPackageTestCase"/>
  <testcase name="tc_BEP34006_VerifyAssignPackage" time="39.019" classname="com.rsystems.test.AssignPackageTestCase">
    <failure type="java.lang.AssertionError" message="Unable to added inside Assigned Package Grid with usoc Drag here.">
      <![CDATA[java.lang.AssertionError: Unable to added inside Assigned Package Grid with usoc Drag here.
	at com.rsystems.utils.TestInitialization.failTestCase(TestInitialization.java:379)
	at com.rsystems.pages.EditSwimlanePage.verifyPackageAddedInGrid(EditSwimlanePage.java:142)
	at com.rsystems.pages.EditSwimlanePage.assignFirstPackageAndValidate(EditSwimlanePage.java:111)
	at com.rsystems.test.AssignPackageTestCase.tc_BEP34006_VerifyAssignPackage(AssignPackageTestCase.java:131)
... Removed 26 stack frames]]>
    </failure>
  </testcase> <!-- tc_BEP34006_VerifyAssignPackage -->
  <testcase name="tc_BEP34008_VerifyAssignPackageFromEdit" time="206.457" classname="com.rsystems.test.AssignPackageTestCase"/>
  <testcase name="tc_BEP34011_ApplyFilterOnUSOC" time="40.754" classname="com.rsystems.test.AssignPackageTestCase"/>
  <testcase name="tc_BEP34018_ValidateCloseFilterIcon" time="96.294" classname="com.rsystems.test.AssignPackageTestCase"/>
  <testcase name="tc_BEP368703_AvailableAssignedFilterWithUSOC" time="95.619" classname="com.rsystems.test.AssignPackageTestCase"/>
  <testcase name="tc_BEP368704_AvailableAssignedFilterWithName" time="97.816" classname="com.rsystems.test.AssignPackageTestCase"/>
  <testcase name="tc_BEP368705_AvailableAssignedVerifyFilterIncaseSensitiveWithName" time="97.911" classname="com.rsystems.test.AssignPackageTestCase"/>
  <testcase name="tc_BEP368706_AvailableAssignedValidateCloseFilterIconWithUSOC" time="99.733" classname="com.rsystems.test.AssignPackageTestCase"/>
  <testcase name="tc_BEP368707_AvailableAssignedSortWithFilterWithName" time="113.045" classname="com.rsystems.test.AssignPackageTestCase"/>
  <testcase name="tc_BEP34013_VerifyAppliedFilterIncaseSensitive" time="0.0" classname="com.rsystems.test.AssignPackageTestCase">
    <ignored/>
  </testcase> <!-- tc_BEP34013_VerifyAppliedFilterIncaseSensitive -->
  <testcase name="tc_BEP34015_Validationscrollbar_AvailablePackage" time="0.0" classname="com.rsystems.test.AssignPackageTestCase">
    <ignored/>
  </testcase> <!-- tc_BEP34015_Validationscrollbar_AvailablePackage -->
  <testcase name="tc_BEP34007_CreateSwimlaneWithNoPackage" time="0.0" classname="com.rsystems.test.AssignPackageTestCase">
    <ignored/>
  </testcase> <!-- tc_BEP34007_CreateSwimlaneWithNoPackage -->
  <testcase name="tc_BEP34014_ResizerBtnValidation" time="0.0" classname="com.rsystems.test.AssignPackageTestCase">
    <ignored/>
  </testcase> <!-- tc_BEP34014_ResizerBtnValidation -->
  <testcase name="tc_BEP368701_AvailableAssignedPackageSortWithUsoc" time="0.0" classname="com.rsystems.test.AssignPackageTestCase">
    <ignored/>
  </testcase> <!-- tc_BEP368701_AvailableAssignedPackageSortWithUsoc -->
  <testcase name="tc_BEP34010_AvailablePackageSortWithName" time="0.0" classname="com.rsystems.test.AssignPackageTestCase">
    <ignored/>
  </testcase> <!-- tc_BEP34010_AvailablePackageSortWithName -->
  <testcase name="tc_BEP34017_ValidatePackageDragAndDrop" time="0.0" classname="com.rsystems.test.AssignPackageTestCase">
    <ignored/>
  </testcase> <!-- tc_BEP34017_ValidatePackageDragAndDrop -->
  <testcase name="tc_BEP34016_Validationscrollbar_AssignedPackage" time="0.0" classname="com.rsystems.test.AssignPackageTestCase">
    <ignored/>
  </testcase> <!-- tc_BEP34016_Validationscrollbar_AssignedPackage -->
  <testcase name="tc_BEP34009_AvailablePackageSortWithUsoc" time="0.0" classname="com.rsystems.test.AssignPackageTestCase">
    <ignored/>
  </testcase> <!-- tc_BEP34009_AvailablePackageSortWithUsoc -->
  <testcase name="tc_BEP368702_AvailableAssignedPackageSortWithName" time="0.0" classname="com.rsystems.test.AssignPackageTestCase">
    <ignored/>
  </testcase> <!-- tc_BEP368702_AvailableAssignedPackageSortWithName -->
  <testcase name="tc_BEP34012_ApplyFilterOnName" time="0.0" classname="com.rsystems.test.AssignPackageTestCase">
    <ignored/>
  </testcase> <!-- tc_BEP34012_ApplyFilterOnName -->
</testsuite> <!-- Package Module Test case  -->
