<?xml version="1.0" encoding="UTF-8"?>
<!-- Generated by org.testng.reporters.JUnitXMLReporter -->
<testsuite hostname="c1-gf-102" ignored="49" name="Swimlane Module Test case " tests="7" failures="2" timestamp="06 Aug 2018 09:49:45 GMT" time="674.778" errors="0">
  <testcase name="tc_BEP490001_VerifyCloneExistingParam" time="127.714" classname="com.rsystems.test.SwimlanePageTestCase"/>
  <testcase name="tc_BEP490003_VerifyClonedParamIsDeleted" time="127.237" classname="com.rsystems.test.SwimlanePageTestCase"/>
  <testcase name="tc_BEP490005_VerifyUILanguageValue_NL" time="86.895" classname="com.rsystems.test.SwimlanePageTestCase"/>
  <testcase name="tc_BEP490006_VerifyUILanguageValue_FR" time="41.473" classname="com.rsystems.test.SwimlanePageTestCase">
    <failure type="org.openqa.selenium.StaleElementReferenceException" message="stale element reference: element is not attached to the page document
  (Session info: headless chrome=67.0.3396.99)
  (Driver info: chromedriver=2.38.552522 (437e6fbedfa8762dec75e2c5b3ddb86763dc9dcb),platform=Windows NT 10.0.16299 x86_64) (WARNING: The server did not provide any stacktrace information)
Command duration or timeout: 35 milliseconds
For documentation on this error, please visit: http://seleniumhq.org/exceptions/stale_element_reference.html
Build info: version: &amp;apos;3.4.0&amp;apos;, revision: &amp;apos;unknown&amp;apos;, time: &amp;apos;unknown&amp;apos;
System info: host: &amp;apos;C1-GF-102&amp;apos;, ip: &amp;apos;192.168.150.1&amp;apos;, os.name: &amp;apos;Windows 10&amp;apos;, os.arch: &amp;apos;amd64&amp;apos;, os.version: &amp;apos;10.0&amp;apos;, java.version: &amp;apos;1.8.0_65&amp;apos;
Driver info: org.openqa.selenium.chrome.ChromeDriver
Capabilities [{applicationCacheEnabled=false, rotatable=false, mobileEmulationEnabled=false, networkConnectionEnabled=false, chrome={chromedriverVersion=2.38.552522 (437e6fbedfa8762dec75e2c5b3ddb86763dc9dcb), userDataDir=C:\Users\ANKIT~1.AGA\AppData\Local\Temp\scoped_dir18840_7068}, takesHeapSnapshot=true, pageLoadStrategy=normal, databaseEnabled=false, handlesAlerts=true, hasTouchScreen=false, version=67.0.3396.99, platform=XP, browserConnectionEnabled=false, nativeEvents=true, acceptSslCerts=false, acceptInsecureCerts=false, locationContextEnabled=true, webStorageEnabled=true, browserName=chrome, takesScreenshot=true, javascriptEnabled=true, cssSelectorsEnabled=true, setWindowRect=true, unexpectedAlertBehaviour=}]
Session ID: ce52eef0ba8514737560ddac590e082c">
      <![CDATA[org.openqa.selenium.StaleElementReferenceException: stale element reference: element is not attached to the page document
  (Session info: headless chrome=67.0.3396.99)
  (Driver info: chromedriver=2.38.552522 (437e6fbedfa8762dec75e2c5b3ddb86763dc9dcb),platform=Windows NT 10.0.16299 x86_64) (WARNING: The server did not provide any stacktrace information)
Command duration or timeout: 35 milliseconds
For documentation on this error, please visit: http://seleniumhq.org/exceptions/stale_element_reference.html
Build info: version: '3.4.0', revision: 'unknown', time: 'unknown'
System info: host: 'C1-GF-102', ip: '192.168.150.1', os.name: 'Windows 10', os.arch: 'amd64', os.version: '10.0', java.version: '1.8.0_65'
Driver info: org.openqa.selenium.chrome.ChromeDriver
Capabilities [{applicationCacheEnabled=false, rotatable=false, mobileEmulationEnabled=false, networkConnectionEnabled=false, chrome={chromedriverVersion=2.38.552522 (437e6fbedfa8762dec75e2c5b3ddb86763dc9dcb), userDataDir=C:\Users\ANKIT~1.AGA\AppData\Local\Temp\scoped_dir18840_7068}, takesHeapSnapshot=true, pageLoadStrategy=normal, databaseEnabled=false, handlesAlerts=true, hasTouchScreen=false, version=67.0.3396.99, platform=XP, browserConnectionEnabled=false, nativeEvents=true, acceptSslCerts=false, acceptInsecureCerts=false, locationContextEnabled=true, webStorageEnabled=true, browserName=chrome, takesScreenshot=true, javascriptEnabled=true, cssSelectorsEnabled=true, setWindowRect=true, unexpectedAlertBehaviour=}]
Session ID: ce52eef0ba8514737560ddac590e082c
	at org.openqa.selenium.remote.ErrorHandler.createThrowable(ErrorHandler.java:215)
	at org.openqa.selenium.remote.ErrorHandler.throwIfResponseFailed(ErrorHandler.java:167)
	at org.openqa.selenium.remote.RemoteWebDriver.execute(RemoteWebDriver.java:671)
	at org.openqa.selenium.remote.RemoteWebElement.execute(RemoteWebElement.java:272)
	at org.openqa.selenium.remote.RemoteWebElement.isDisplayed(RemoteWebElement.java:313)
	at org.openqa.selenium.support.pagefactory.internal.LocatingElementHandler.invoke(LocatingElementHandler.java:51)
	at com.sun.proxy.$Proxy11.isDisplayed(Unknown Source)
	at org.openqa.selenium.support.ui.ExpectedConditions.elementIfVisible(ExpectedConditions.java:302)
	at org.openqa.selenium.support.ui.ExpectedConditions.access$100(ExpectedConditions.java:44)
	at org.openqa.selenium.support.ui.ExpectedConditions$10.apply(ExpectedConditions.java:288)
	at org.openqa.selenium.support.ui.ExpectedConditions$10.apply(ExpectedConditions.java:285)
	at org.openqa.selenium.support.ui.ExpectedConditions$23.apply(ExpectedConditions.java:673)
	at org.openqa.selenium.support.ui.ExpectedConditions$23.apply(ExpectedConditions.java:669)
	at org.openqa.selenium.support.ui.FluentWait.until(FluentWait.java:209)
	at com.rsystems.pages.ViewSwimlanePage.navigateToSwimlaneListPage(ViewSwimlanePage.java:730)
	at com.rsystems.test.SwimlanePageTestCase.tc_BEP490006_VerifyUILanguageValue_FR(SwimlanePageTestCase.java:1368)
... Removed 32 stack frames]]>
    </failure>
  </testcase> <!-- tc_BEP490006_VerifyUILanguageValue_FR -->
  <testcase name="tc_BEP490007_VerifyUILanguageEdited" time="41.282" classname="com.rsystems.test.SwimlanePageTestCase">
    <failure type="org.openqa.selenium.StaleElementReferenceException" message="stale element reference: element is not attached to the page document
  (Session info: headless chrome=67.0.3396.99)
  (Driver info: chromedriver=2.38.552522 (437e6fbedfa8762dec75e2c5b3ddb86763dc9dcb),platform=Windows NT 10.0.16299 x86_64) (WARNING: The server did not provide any stacktrace information)
Command duration or timeout: 33 milliseconds
For documentation on this error, please visit: http://seleniumhq.org/exceptions/stale_element_reference.html
Build info: version: &amp;apos;3.4.0&amp;apos;, revision: &amp;apos;unknown&amp;apos;, time: &amp;apos;unknown&amp;apos;
System info: host: &amp;apos;C1-GF-102&amp;apos;, ip: &amp;apos;192.168.150.1&amp;apos;, os.name: &amp;apos;Windows 10&amp;apos;, os.arch: &amp;apos;amd64&amp;apos;, os.version: &amp;apos;10.0&amp;apos;, java.version: &amp;apos;1.8.0_65&amp;apos;
Driver info: org.openqa.selenium.chrome.ChromeDriver
Capabilities [{applicationCacheEnabled=false, rotatable=false, mobileEmulationEnabled=false, networkConnectionEnabled=false, chrome={chromedriverVersion=2.38.552522 (437e6fbedfa8762dec75e2c5b3ddb86763dc9dcb), userDataDir=C:\Users\ANKIT~1.AGA\AppData\Local\Temp\scoped_dir18840_7068}, takesHeapSnapshot=true, pageLoadStrategy=normal, databaseEnabled=false, handlesAlerts=true, hasTouchScreen=false, version=67.0.3396.99, platform=XP, browserConnectionEnabled=false, nativeEvents=true, acceptSslCerts=false, acceptInsecureCerts=false, locationContextEnabled=true, webStorageEnabled=true, browserName=chrome, takesScreenshot=true, javascriptEnabled=true, cssSelectorsEnabled=true, setWindowRect=true, unexpectedAlertBehaviour=}]
Session ID: ce52eef0ba8514737560ddac590e082c">
      <![CDATA[org.openqa.selenium.StaleElementReferenceException: stale element reference: element is not attached to the page document
  (Session info: headless chrome=67.0.3396.99)
  (Driver info: chromedriver=2.38.552522 (437e6fbedfa8762dec75e2c5b3ddb86763dc9dcb),platform=Windows NT 10.0.16299 x86_64) (WARNING: The server did not provide any stacktrace information)
Command duration or timeout: 33 milliseconds
For documentation on this error, please visit: http://seleniumhq.org/exceptions/stale_element_reference.html
Build info: version: '3.4.0', revision: 'unknown', time: 'unknown'
System info: host: 'C1-GF-102', ip: '192.168.150.1', os.name: 'Windows 10', os.arch: 'amd64', os.version: '10.0', java.version: '1.8.0_65'
Driver info: org.openqa.selenium.chrome.ChromeDriver
Capabilities [{applicationCacheEnabled=false, rotatable=false, mobileEmulationEnabled=false, networkConnectionEnabled=false, chrome={chromedriverVersion=2.38.552522 (437e6fbedfa8762dec75e2c5b3ddb86763dc9dcb), userDataDir=C:\Users\ANKIT~1.AGA\AppData\Local\Temp\scoped_dir18840_7068}, takesHeapSnapshot=true, pageLoadStrategy=normal, databaseEnabled=false, handlesAlerts=true, hasTouchScreen=false, version=67.0.3396.99, platform=XP, browserConnectionEnabled=false, nativeEvents=true, acceptSslCerts=false, acceptInsecureCerts=false, locationContextEnabled=true, webStorageEnabled=true, browserName=chrome, takesScreenshot=true, javascriptEnabled=true, cssSelectorsEnabled=true, setWindowRect=true, unexpectedAlertBehaviour=}]
Session ID: ce52eef0ba8514737560ddac590e082c
	at org.openqa.selenium.remote.ErrorHandler.createThrowable(ErrorHandler.java:215)
	at org.openqa.selenium.remote.ErrorHandler.throwIfResponseFailed(ErrorHandler.java:167)
	at org.openqa.selenium.remote.RemoteWebDriver.execute(RemoteWebDriver.java:671)
	at org.openqa.selenium.remote.RemoteWebElement.execute(RemoteWebElement.java:272)
	at org.openqa.selenium.remote.RemoteWebElement.isDisplayed(RemoteWebElement.java:313)
	at org.openqa.selenium.support.pagefactory.internal.LocatingElementHandler.invoke(LocatingElementHandler.java:51)
	at com.sun.proxy.$Proxy11.isDisplayed(Unknown Source)
	at org.openqa.selenium.support.ui.ExpectedConditions.elementIfVisible(ExpectedConditions.java:302)
	at org.openqa.selenium.support.ui.ExpectedConditions.access$100(ExpectedConditions.java:44)
	at org.openqa.selenium.support.ui.ExpectedConditions$10.apply(ExpectedConditions.java:288)
	at org.openqa.selenium.support.ui.ExpectedConditions$10.apply(ExpectedConditions.java:285)
	at org.openqa.selenium.support.ui.ExpectedConditions$23.apply(ExpectedConditions.java:673)
	at org.openqa.selenium.support.ui.ExpectedConditions$23.apply(ExpectedConditions.java:669)
	at org.openqa.selenium.support.ui.FluentWait.until(FluentWait.java:209)
	at com.rsystems.pages.ViewSwimlanePage.navigateToSwimlaneListPage(ViewSwimlanePage.java:730)
	at com.rsystems.test.SwimlanePageTestCase.tc_BEP490007_VerifyUILanguageEdited(SwimlanePageTestCase.java:1398)
... Removed 32 stack frames]]>
    </failure>
  </testcase> <!-- tc_BEP490007_VerifyUILanguageEdited -->
  <testcase name="tc_BEP490008_UpdateCloneParameter" time="126.266" classname="com.rsystems.test.SwimlanePageTestCase"/>
  <testcase name="tc_BEP490009_VerifySortOrderChanged" time="78.815" classname="com.rsystems.test.SwimlanePageTestCase"/>
  <testcase name="tc_BEP290034_VerifyTitleOfPannel" time="0.0" classname="com.rsystems.test.SwimlanePageTestCase">
    <ignored/>
  </testcase> <!-- tc_BEP290034_VerifyTitleOfPannel -->
  <testcase name="tc_BEP290023_ValidationParamOfStartTile" time="0.0" classname="com.rsystems.test.SwimlanePageTestCase">
    <ignored/>
  </testcase> <!-- tc_BEP290023_ValidationParamOfStartTile -->
  <testcase name="tc_BEP440005_VerifyDuplicateValInSortOrder" time="0.0" classname="com.rsystems.test.SwimlanePageTestCase">
    <ignored/>
  </testcase> <!-- tc_BEP440005_VerifyDuplicateValInSortOrder -->
  <testcase name="tc_BEP290011_VerifyLengthDisplayNameNL" time="0.0" classname="com.rsystems.test.SwimlanePageTestCase">
    <ignored/>
  </testcase> <!-- tc_BEP290011_VerifyLengthDisplayNameNL -->
  <testcase name="tc_BEP290035_VerifyResponsibleMantatoryField" time="0.0" classname="com.rsystems.test.SwimlanePageTestCase">
    <ignored/>
  </testcase> <!-- tc_BEP290035_VerifyResponsibleMantatoryField -->
  <testcase name="tc_BEP290033_VerifyBreadcrumb" time="0.0" classname="com.rsystems.test.SwimlanePageTestCase">
    <ignored/>
  </testcase> <!-- tc_BEP290033_VerifyBreadcrumb -->
  <testcase name="tc_BEP490005_VerifyTargetScreenMandatory" time="0.0" classname="com.rsystems.test.SwimlanePageTestCase">
    <ignored/>
  </testcase> <!-- tc_BEP490005_VerifyTargetScreenMandatory -->
  <testcase name="tc_BEP29007_CreateSwinlaneWithMandatoryParam" time="0.0" classname="com.rsystems.test.SwimlanePageTestCase">
    <ignored/>
  </testcase> <!-- tc_BEP29007_CreateSwinlaneWithMandatoryParam -->
  <testcase name="tc_BEP490002_VerifyAllBtnInTargetScreen" time="0.0" classname="com.rsystems.test.SwimlanePageTestCase">
    <ignored/>
  </testcase> <!-- tc_BEP490002_VerifyAllBtnInTargetScreen -->
  <testcase name="tc_BEP290005_VerifyLengthInName" time="0.0" classname="com.rsystems.test.SwimlanePageTestCase">
    <ignored/>
  </testcase> <!-- tc_BEP290005_VerifyLengthInName -->
  <testcase name="tc_BEP580802_VerifyCloneBtnFunctionality" time="0.0" classname="com.rsystems.test.SwimlanePageTestCase">
    <ignored/>
  </testcase> <!-- tc_BEP580802_VerifyCloneBtnFunctionality -->
  <testcase name="tc_BEP29009_ValidateMissingParam" time="0.0" classname="com.rsystems.test.SwimlanePageTestCase">
    <ignored/>
  </testcase> <!-- tc_BEP29009_ValidateMissingParam -->
  <testcase name="tc_BEP290012_VerifyLengthCommentsBox" time="0.0" classname="com.rsystems.test.SwimlanePageTestCase">
    <ignored/>
  </testcase> <!-- tc_BEP290012_VerifyLengthCommentsBox -->
  <testcase name="tc_BEP470001_VerifyDuplicateSwimlane" time="0.0" classname="com.rsystems.test.SwimlanePageTestCase">
    <ignored/>
  </testcase> <!-- tc_BEP470001_VerifyDuplicateSwimlane -->
  <testcase name="tc_BEP290022_VerifyMandatoryParamEndTile" time="0.0" classname="com.rsystems.test.SwimlanePageTestCase">
    <ignored/>
  </testcase> <!-- tc_BEP290022_VerifyMandatoryParamEndTile -->
  <testcase name="tc_BEP290024_ValidationParamOfCoreTile" time="0.0" classname="com.rsystems.test.SwimlanePageTestCase">
    <ignored/>
  </testcase> <!-- tc_BEP290024_ValidationParamOfCoreTile -->
  <testcase name="tc_BEP490006_VerifyDeselectCheckbox" time="0.0" classname="com.rsystems.test.SwimlanePageTestCase">
    <ignored/>
  </testcase> <!-- tc_BEP490006_VerifyDeselectCheckbox -->
  <testcase name="tc_BEP580801_VerifyTooltipCloneButton" time="0.0" classname="com.rsystems.test.SwimlanePageTestCase">
    <ignored/>
  </testcase> <!-- tc_BEP580801_VerifyTooltipCloneButton -->
  <testcase name="tc_BEP440001_VerifyDefaultSortOrder" time="0.0" classname="com.rsystems.test.SwimlanePageTestCase">
    <ignored/>
  </testcase> <!-- tc_BEP440001_VerifyDefaultSortOrder -->
  <testcase name="tc_BEP290002_VerifySwimlanePageParam" time="0.0" classname="com.rsystems.test.SwimlanePageTestCase">
    <ignored/>
  </testcase> <!-- tc_BEP290002_VerifySwimlanePageParam -->
  <testcase name="tc_BEP290021_VerifyMandatoryParamCoreTile" time="0.0" classname="com.rsystems.test.SwimlanePageTestCase">
    <ignored/>
  </testcase> <!-- tc_BEP290021_VerifyMandatoryParamCoreTile -->
  <testcase name="tc_BEP290026_VerifyAddButton" time="0.0" classname="com.rsystems.test.SwimlanePageTestCase">
    <ignored/>
  </testcase> <!-- tc_BEP290026_VerifyAddButton -->
  <testcase name="tc_BEP290014_VerifyDisplayEmptyChkBoxUnSelect" time="0.0" classname="com.rsystems.test.SwimlanePageTestCase">
    <ignored/>
  </testcase> <!-- tc_BEP290014_VerifyDisplayEmptyChkBoxUnSelect -->
  <testcase name="tc_BEP490002_verifyPackagePageAfterAssignPackage" time="0.0" classname="com.rsystems.test.SwimlanePageTestCase">
    <ignored/>
  </testcase> <!-- tc_BEP490002_verifyPackagePageAfterAssignPackage -->
  <testcase name="tc_BEP490001_verifyPropertiesPageAfterSave" time="0.0" classname="com.rsystems.test.SwimlanePageTestCase">
    <ignored/>
  </testcase> <!-- tc_BEP490001_verifyPropertiesPageAfterSave -->
  <testcase name="tc_BEP290019_VerifyTilesExpandAndCollapse" time="0.0" classname="com.rsystems.test.SwimlanePageTestCase">
    <ignored/>
  </testcase> <!-- tc_BEP290019_VerifyTilesExpandAndCollapse -->
  <testcase name="tc_BEP290015_VerifyIgnoreOptOutChkboxSelected" time="0.0" classname="com.rsystems.test.SwimlanePageTestCase">
    <ignored/>
  </testcase> <!-- tc_BEP290015_VerifyIgnoreOptOutChkboxSelected -->
  <testcase name="tc_BEP290020_VerifyMandatoryParamStartTile" time="0.0" classname="com.rsystems.test.SwimlanePageTestCase">
    <ignored/>
  </testcase> <!-- tc_BEP290020_VerifyMandatoryParamStartTile -->
  <testcase name="tc_BEP440003_VerifySortingOrderRange" time="0.0" classname="com.rsystems.test.SwimlanePageTestCase">
    <ignored/>
  </testcase> <!-- tc_BEP440003_VerifySortingOrderRange -->
  <testcase name="tc_BEP290029_VerifySaveButtonInParamMissing" time="0.0" classname="com.rsystems.test.SwimlanePageTestCase">
    <ignored/>
  </testcase> <!-- tc_BEP290029_VerifySaveButtonInParamMissing -->
  <testcase name="tc_BEP290013_VerifyDisplayEmptyChkboxSelected" time="0.0" classname="com.rsystems.test.SwimlanePageTestCase">
    <ignored/>
  </testcase> <!-- tc_BEP290013_VerifyDisplayEmptyChkboxSelected -->
  <testcase name="tc_BEP290001_VerifyLaunchSwinlanePage" time="0.0" classname="com.rsystems.test.SwimlanePageTestCase">
    <ignored/>
  </testcase> <!-- tc_BEP290001_VerifyLaunchSwinlanePage -->
  <testcase name="tc_BEP490003_VerifyTargetScreenCheckboxIndividually" time="0.0" classname="com.rsystems.test.SwimlanePageTestCase">
    <ignored/>
  </testcase> <!-- tc_BEP490003_VerifyTargetScreenCheckboxIndividually -->
  <testcase name="tc_BEP440004_VerifyDuplicateValueIsAllowed" time="0.0" classname="com.rsystems.test.SwimlanePageTestCase">
    <ignored/>
  </testcase> <!-- tc_BEP440004_VerifyDuplicateValueIsAllowed -->
  <testcase name="tc_BEP290017_VerifyLength_MinimumCaching" time="0.0" classname="com.rsystems.test.SwimlanePageTestCase">
    <ignored/>
  </testcase> <!-- tc_BEP290017_VerifyLength_MinimumCaching -->
  <testcase name="tc_BEP290004_VerifyLengthInExternalID" time="0.0" classname="com.rsystems.test.SwimlanePageTestCase">
    <ignored/>
  </testcase> <!-- tc_BEP290004_VerifyLengthInExternalID -->
  <testcase name="tc_BEP290025_ValidationParamOfEndTile" time="0.0" classname="com.rsystems.test.SwimlanePageTestCase">
    <ignored/>
  </testcase> <!-- tc_BEP290025_ValidationParamOfEndTile -->
  <testcase name="tc_BEP440002_ChangeSortingOrderValue" time="0.0" classname="com.rsystems.test.SwimlanePageTestCase">
    <ignored/>
  </testcase> <!-- tc_BEP440002_ChangeSortingOrderValue -->
  <testcase name="tc_BEP490004_EditTargetScreenOption" time="0.0" classname="com.rsystems.test.SwimlanePageTestCase">
    <ignored/>
  </testcase> <!-- tc_BEP490004_EditTargetScreenOption -->
  <testcase name="tc_BEP490001_VerifyTargetScreenOption" time="0.0" classname="com.rsystems.test.SwimlanePageTestCase">
    <ignored/>
  </testcase> <!-- tc_BEP490001_VerifyTargetScreenOption -->
  <testcase name="tc_BEP290003_VerifyKeyboardNavigation" time="0.0" classname="com.rsystems.test.SwimlanePageTestCase">
    <ignored/>
  </testcase> <!-- tc_BEP290003_VerifyKeyboardNavigation -->
  <testcase name="tc_BEP290010_VerifyCreateSwimlane" time="0.0" classname="com.rsystems.test.SwimlanePageTestCase">
    <ignored/>
  </testcase> <!-- tc_BEP290010_VerifyCreateSwimlane -->
  <testcase name="tc_BEP290036_VerifyResponsibleOptionalField" time="0.0" classname="com.rsystems.test.SwimlanePageTestCase">
    <ignored/>
  </testcase> <!-- tc_BEP290036_VerifyResponsibleOptionalField -->
  <testcase name="tc_BEP290028_VerifySaveButton" time="0.0" classname="com.rsystems.test.SwimlanePageTestCase">
    <ignored/>
  </testcase> <!-- tc_BEP290028_VerifySaveButton -->
  <testcase name="tc_BEP29006_VerifyAllParamWithAstrik" time="0.0" classname="com.rsystems.test.SwimlanePageTestCase">
    <ignored/>
  </testcase> <!-- tc_BEP29006_VerifyAllParamWithAstrik -->
  <testcase name="tc_BEP290018_VerifyLength_MaxmiumCaching" time="0.0" classname="com.rsystems.test.SwimlanePageTestCase">
    <ignored/>
  </testcase> <!-- tc_BEP290018_VerifyLength_MaxmiumCaching -->
  <testcase name="tc_BEP490003_verifyPackagePageAfterUnAssignPackage" time="0.0" classname="com.rsystems.test.SwimlanePageTestCase">
    <ignored/>
  </testcase> <!-- tc_BEP490003_verifyPackagePageAfterUnAssignPackage -->
  <testcase name="tc_BEP290016_VerifyIgnoreOptOutChkBoxUnSelect" time="0.0" classname="com.rsystems.test.SwimlanePageTestCase">
    <ignored/>
  </testcase> <!-- tc_BEP290016_VerifyIgnoreOptOutChkBoxUnSelect -->
  <testcase name="tc_BEP29008_CreateSwinlane_Mandtory_OptionalParam" time="0.0" classname="com.rsystems.test.SwimlanePageTestCase">
    <ignored/>
  </testcase> <!-- tc_BEP29008_CreateSwinlane_Mandtory_OptionalParam -->
</testsuite> <!-- Swimlane Module Test case  -->
